<?xml version="1.0" encoding="UTF-8"?>
<!-- Generated by org.testng.reporters.JUnitReportReporter -->
<testsuite hostname="LAPTOP-C5P36LJF" failures="1" tests="4" name="runner.TestRunner" time="73.463" errors="0" timestamp="2024-08-04T09:02:19 IST" skipped="0">
  <testcase classname="runner.TestRunner" name="runScenario" time="37.268"/>
  <system-out/>
  <testcase classname="runner.TestRunner" name="runScenario" time="11.453"/>
  <system-out/>
  <testcase classname="runner.TestRunner" name="runScenario" time="12.724"/>
  <system-out/>
  <testcase classname="runner.TestRunner" name="runScenario" time="12.018">
    <failure message="expected [Automation Testing - Google Search] but found []" type="java.lang.AssertionError">
      <![CDATA[java.lang.AssertionError: expected [Automation Testing - Google Search] but found []
at org.testng.Assert.fail(Assert.java:99)
at org.testng.Assert.failNotEquals(Assert.java:1037)
at org.testng.Assert.assertEqualsImpl(Assert.java:140)
at org.testng.Assert.assertEquals(Assert.java:122)
at org.testng.Assert.assertEquals(Assert.java:629)
at org.testng.Assert.assertEquals(Assert.java:639)
at stepdef.GoogleSearchTest.homePage(GoogleSearchTest.java:35)
at âœ½.User should navigate to google home page having title Automation Testing - Google Search(file:///E:/Sharmila/Software%20Testing%20Training/Automation%20Testing/AutomationSession/Workspace/RevCucumberDemo/./src/test/resources/features/GoogleSearch.feature:7)
]]>
    </failure>
  </testcase> <!-- runScenario -->
  <system-out/>
</testsuite> <!-- runner.TestRunner -->
