<?xml version="1.0" encoding="UTF-8"?>
<testng-results ignored="0" total="4" passed="3" failed="1" skipped="0">
  <reporter-output>
  </reporter-output>
  <suite started-at="2024-08-04T09:00:39 IST" name="Default suite" finished-at="2024-08-04T09:02:18 IST" duration-ms="99427">
    <groups>
      <group name="cucumber">
        <method signature="AbstractTestNGCucumberTests.runScenario(io.cucumber.testng.PickleWrapper,io.cucumber.testng.FeatureWrapper)[pri:0, instance:runner.TestRunner@3c19aaa5]" name="runScenario" class="io.cucumber.testng.AbstractTestNGCucumberTests"/>
      </group> <!-- cucumber -->
    </groups>
    <test started-at="2024-08-04T09:00:39 IST" name="Default test" finished-at="2024-08-04T09:02:18 IST" duration-ms="99427">
      <class name="runner.TestRunner">
        <test-method is-config="true" signature="setUpClass()[pri:0, instance:runner.TestRunner@3c19aaa5]" started-at="2024-08-04T09:00:39 IST" name="setUpClass" finished-at="2024-08-04T09:00:40 IST" duration-ms="1022" status="PASS">
          <reporter-output>
          </reporter-output>
        </test-method> <!-- setUpClass -->
        <test-method signature="runScenario(io.cucumber.testng.PickleWrapper,io.cucumber.testng.FeatureWrapper)[pri:0, instance:runner.TestRunner@3c19aaa5]" started-at="2024-08-04T09:00:40 IST" name="runScenario" description="Runs Cucumber Scenarios" data-provider="scenarios" finished-at="2024-08-04T09:00:53 IST" duration-ms="12724" status="PASS">
          <params>
            <param index="0">
              <value>
                <![CDATA["validate search functionality withSoftware Testing"]]>
              </value>
            </param>
            <param index="1">
              <value>
                <![CDATA["Optional[Covers multiple search validation of google]"]]>
              </value>
            </param>
          </params>
          <reporter-output>
          </reporter-output>
        </test-method> <!-- runScenario -->
        <test-method signature="runScenario(io.cucumber.testng.PickleWrapper,io.cucumber.testng.FeatureWrapper)[pri:0, instance:runner.TestRunner@3c19aaa5]" started-at="2024-08-04T09:00:53 IST" name="runScenario" description="Runs Cucumber Scenarios" data-provider="scenarios" finished-at="2024-08-04T09:01:04 IST" duration-ms="11453" status="PASS">
          <params>
            <param index="0">
              <value>
                <![CDATA["validate search functionality withManual Testing"]]>
              </value>
            </param>
            <param index="1">
              <value>
                <![CDATA["Optional[Covers multiple search validation of google]"]]>
              </value>
            </param>
          </params>
          <reporter-output>
          </reporter-output>
        </test-method> <!-- runScenario -->
        <test-method signature="runScenario(io.cucumber.testng.PickleWrapper,io.cucumber.testng.FeatureWrapper)[pri:0, instance:runner.TestRunner@3c19aaa5]" started-at="2024-08-04T09:01:04 IST" name="runScenario" description="Runs Cucumber Scenarios" data-provider="scenarios" finished-at="2024-08-04T09:01:16 IST" duration-ms="12018" status="FAIL">
          <params>
            <param index="0">
              <value>
                <![CDATA["validate search functionality withAutomation Testing"]]>
              </value>
            </param>
            <param index="1">
              <value>
                <![CDATA["Optional[Covers multiple search validation of google]"]]>
              </value>
            </param>
          </params>
          <exception class="java.lang.AssertionError">
            <message>
              <![CDATA[expected [Automation Testing - Google Search] but found []]]>
            </message>
            <full-stacktrace>
              <![CDATA[java.lang.AssertionError: expected [Automation Testing - Google Search] but found []
at org.testng.Assert.fail(Assert.java:99)
at org.testng.Assert.failNotEquals(Assert.java:1037)
at org.testng.Assert.assertEqualsImpl(Assert.java:140)
at org.testng.Assert.assertEquals(Assert.java:122)
at org.testng.Assert.assertEquals(Assert.java:629)
at org.testng.Assert.assertEquals(Assert.java:639)
at stepdef.GoogleSearchTest.homePage(GoogleSearchTest.java:35)
at âœ½.User should navigate to google home page having title Automation Testing - Google Search(file:///E:/Sharmila/Software%20Testing%20Training/Automation%20Testing/AutomationSession/Workspace/RevCucumberDemo/./src/test/resources/features/GoogleSearch.feature:7)
]]>
            </full-stacktrace>
          </exception> <!-- java.lang.AssertionError -->
          <reporter-output>
          </reporter-output>
        </test-method> <!-- runScenario -->
        <test-method signature="runScenario(io.cucumber.testng.PickleWrapper,io.cucumber.testng.FeatureWrapper)[pri:0, instance:runner.TestRunner@3c19aaa5]" started-at="2024-08-04T09:01:16 IST" name="runScenario" description="Runs Cucumber Scenarios" data-provider="scenarios" finished-at="2024-08-04T09:01:54 IST" duration-ms="37268" status="PASS">
          <params>
            <param index="0">
              <value>
                <![CDATA["Create PIM and validate it"]]>
              </value>
            </param>
            <param index="1">
              <value>
                <![CDATA["Optional[This feature file is create to cover testing of OrangeHRM PIM flow]"]]>
              </value>
            </param>
          </params>
          <reporter-output>
          </reporter-output>
        </test-method> <!-- runScenario -->
        <test-method is-config="true" signature="tearDownClass()[pri:0, instance:runner.TestRunner@3c19aaa5]" started-at="2024-08-04T09:01:54 IST" name="tearDownClass" finished-at="2024-08-04T09:02:18 IST" duration-ms="24834" status="PASS">
          <reporter-output>
          </reporter-output>
        </test-method> <!-- tearDownClass -->
      </class> <!-- runner.TestRunner -->
    </test> <!-- Default test -->
  </suite> <!-- Default suite -->
</testng-results>
